2025-09-11 22:11:14 [INFO] Logging directory: ./layer_9/logs
2025-09-11 22:12:15 [DEBUG] XGB iter   0: tr-p-rmse: 0.654698	tr-a-peak@32: 0.993112	tr-rmse: 0.306418	tr-rmse: 0.306418
2025-09-11 22:12:15 [DEBUG] XGB iter  25: tr-p-rmse: 0.047740	tr-a-peak@32: 1.000000	tr-rmse: 0.364810	tr-rmse: 0.364810
2025-09-11 22:12:15 [DEBUG] XGB iter  50: tr-p-rmse: 0.047739	tr-a-peak@32: 1.000000	tr-rmse: 0.364810	tr-rmse: 0.364810
2025-09-11 22:12:15 [DEBUG] XGB iter  75: tr-p-rmse: 0.047739	tr-a-peak@32: 1.000000	tr-rmse: 0.364810	tr-rmse: 0.364810
2025-09-11 22:12:15 [DEBUG] XGB stopped. Best iteration: [30] tr-p-rmse:0.04774	tr-a-peak@32:1.00000	tr-rmse:0.36481	tr-rmse:0.36481 
2025-09-11 22:13:16 [DEBUG] XGB validation: p-rmse: 0.257978	a-peak@32: 0.697343
2025-09-11 22:13:16 [DEBUG] XGB iter   0: tr-p-rmse: 0.651822	tr-a-peak@32: 1.000000	tr-rmse: 0.277215	tr-rmse: 0.277215
2025-09-11 22:13:16 [DEBUG] XGB iter  25: tr-p-rmse: 0.040608	tr-a-peak@32: 1.000000	tr-rmse: 0.318560	tr-rmse: 0.318560
2025-09-11 22:13:16 [DEBUG] XGB iter  50: tr-p-rmse: 0.040608	tr-a-peak@32: 1.000000	tr-rmse: 0.318560	tr-rmse: 0.318560
2025-09-11 22:13:16 [DEBUG] XGB stopped. Best iteration: [18] tr-p-rmse:0.04061	tr-a-peak@32:1.00000	tr-rmse:0.31856	tr-rmse:0.31856 
2025-09-11 22:14:23 [DEBUG] XGB validation: p-rmse: 0.309574	a-peak@32: 0.965775
2025-09-11 22:14:23 [DEBUG] XGB iter   0: tr-p-rmse: 0.617673	tr-a-peak@32: 0.976995	tr-rmse: 0.387809	tr-rmse: 0.387809
2025-09-11 22:14:23 [DEBUG] XGB iter  25: tr-p-rmse: 0.043872	tr-a-peak@32: 1.000000	tr-rmse: 0.454701	tr-rmse: 0.454701
2025-09-11 22:14:23 [DEBUG] XGB iter  50: tr-p-rmse: 0.037712	tr-a-peak@32: 1.000000	tr-rmse: 0.454767	tr-rmse: 0.454767
2025-09-11 22:14:23 [DEBUG] XGB iter  75: tr-p-rmse: 0.037712	tr-a-peak@32: 1.000000	tr-rmse: 0.454767	tr-rmse: 0.454767
2025-09-11 22:14:23 [DEBUG] XGB stopped. Best iteration: [43] tr-p-rmse:0.03771	tr-a-peak@32:1.00000	tr-rmse:0.45477	tr-rmse:0.45477 
2025-09-11 22:15:31 [DEBUG] XGB validation: p-rmse: 0.072095	a-peak@32: 0.993576
2025-09-11 22:15:31 [DEBUG] XGB iter   0: tr-p-rmse: 0.549848	tr-a-peak@32: 0.974826	tr-rmse: 0.465235	tr-rmse: 0.465235
2025-09-11 22:15:31 [DEBUG] XGB iter  25: tr-p-rmse: 0.045168	tr-a-peak@32: 0.996622	tr-rmse: 0.536691	tr-rmse: 0.536691
2025-09-11 22:15:31 [DEBUG] XGB iter  50: tr-p-rmse: 0.036497	tr-a-peak@32: 0.996362	tr-rmse: 0.536744	tr-rmse: 0.536744
2025-09-11 22:15:31 [DEBUG] XGB iter  75: tr-p-rmse: 0.036497	tr-a-peak@32: 0.996362	tr-rmse: 0.536744	tr-rmse: 0.536744
2025-09-11 22:15:31 [DEBUG] XGB stopped. Best iteration: [47] tr-p-rmse:0.03650	tr-a-peak@32:0.99636	tr-rmse:0.53674	tr-rmse:0.53674 
2025-09-11 22:16:40 [DEBUG] XGB validation: p-rmse: 0.132984	a-peak@32: 0.964828
2025-09-11 22:16:40 [DEBUG] XGB iter   0: tr-p-rmse: 0.507309	tr-a-peak@32: 0.989454	tr-rmse: 0.485757	tr-rmse: 0.485757
2025-09-11 22:16:40 [DEBUG] XGB iter  25: tr-p-rmse: 0.042438	tr-a-peak@32: 0.989767	tr-rmse: 0.559790	tr-rmse: 0.559790
2025-09-11 22:16:40 [DEBUG] XGB iter  50: tr-p-rmse: 0.034036	tr-a-peak@32: 0.991752	tr-rmse: 0.559841	tr-rmse: 0.559841
2025-09-11 22:16:40 [DEBUG] XGB iter  75: tr-p-rmse: 0.034036	tr-a-peak@32: 0.991752	tr-rmse: 0.559841	tr-rmse: 0.559841
2025-09-11 22:16:40 [DEBUG] XGB stopped. Best iteration: [42] tr-p-rmse:0.03404	tr-a-peak@32:0.99175	tr-rmse:0.55984	tr-rmse:0.55984 
2025-09-11 22:17:47 [DEBUG] XGB validation: p-rmse: 0.039414	a-peak@32: 0.993576
2025-09-11 22:17:47 [DEBUG] XGB iter   0: tr-p-rmse: 0.479789	tr-a-peak@32: 0.989535	tr-rmse: 0.504385	tr-rmse: 0.504385
2025-09-11 22:17:47 [DEBUG] XGB iter  25: tr-p-rmse: 0.042194	tr-a-peak@32: 0.991528	tr-rmse: 0.577094	tr-rmse: 0.577094
2025-09-11 22:17:47 [DEBUG] XGB iter  50: tr-p-rmse: 0.034641	tr-a-peak@32: 0.991754	tr-rmse: 0.577135	tr-rmse: 0.577135
2025-09-11 22:17:47 [DEBUG] XGB iter  75: tr-p-rmse: 0.034641	tr-a-peak@32: 0.991754	tr-rmse: 0.577135	tr-rmse: 0.577135
2025-09-11 22:17:47 [DEBUG] XGB stopped. Best iteration: [41] tr-p-rmse:0.03464	tr-a-peak@32:0.99175	tr-rmse:0.57713	tr-rmse:0.57713 
2025-09-11 22:18:54 [DEBUG] XGB validation: p-rmse: 0.044038	a-peak@32: 1.000000
2025-09-11 22:18:54 [DEBUG] XGB iter   0: tr-p-rmse: 0.452689	tr-a-peak@32: 0.970841	tr-rmse: 0.516346	tr-rmse: 0.516346
2025-09-11 22:18:54 [DEBUG] XGB iter  25: tr-p-rmse: 0.040883	tr-a-peak@32: 0.991805	tr-rmse: 0.588952	tr-rmse: 0.588952
2025-09-11 22:18:54 [DEBUG] XGB iter  50: tr-p-rmse: 0.032124	tr-a-peak@32: 0.991025	tr-rmse: 0.589002	tr-rmse: 0.589002
2025-09-11 22:18:54 [DEBUG] XGB iter  75: tr-p-rmse: 0.032124	tr-a-peak@32: 0.991025	tr-rmse: 0.589002	tr-rmse: 0.589002
2025-09-11 22:18:54 [DEBUG] XGB stopped. Best iteration: [49] tr-p-rmse:0.03212	tr-a-peak@32:0.99103	tr-rmse:0.58900	tr-rmse:0.58900 
2025-09-11 22:20:03 [DEBUG] XGB validation: p-rmse: 0.029755	a-peak@32: 0.984808
2025-09-11 22:20:03 [DEBUG] XGB iter   0: tr-p-rmse: 0.432309	tr-a-peak@32: 0.983169	tr-rmse: 0.522420	tr-rmse: 0.522420
2025-09-11 22:20:03 [DEBUG] XGB iter  25: tr-p-rmse: 0.037369	tr-a-peak@32: 0.993778	tr-rmse: 0.595298	tr-rmse: 0.595298
2025-09-11 22:20:03 [DEBUG] XGB iter  50: tr-p-rmse: 0.035215	tr-a-peak@32: 0.993988	tr-rmse: 0.595315	tr-rmse: 0.595315
2025-09-11 22:20:03 [DEBUG] XGB iter  75: tr-p-rmse: 0.035215	tr-a-peak@32: 0.993988	tr-rmse: 0.595315	tr-rmse: 0.595315
2025-09-11 22:20:03 [DEBUG] XGB stopped. Best iteration: [33] tr-p-rmse:0.03522	tr-a-peak@32:0.99399	tr-rmse:0.59531	tr-rmse:0.59531 
2025-09-11 22:21:09 [DEBUG] XGB validation: p-rmse: 0.028069	a-peak@32: 0.999089
2025-09-11 22:21:09 [DEBUG] XGB iter   0: tr-p-rmse: 0.420425	tr-a-peak@32: 0.972373	tr-rmse: 0.524709	tr-rmse: 0.524709
2025-09-11 22:21:10 [DEBUG] XGB iter  25: tr-p-rmse: 0.036770	tr-a-peak@32: 0.990681	tr-rmse: 0.597880	tr-rmse: 0.597880
2025-09-11 22:21:10 [DEBUG] XGB iter  50: tr-p-rmse: 0.030777	tr-a-peak@32: 0.991997	tr-rmse: 0.597901	tr-rmse: 0.597901
2025-09-11 22:21:10 [DEBUG] XGB iter  75: tr-p-rmse: 0.030777	tr-a-peak@32: 0.991997	tr-rmse: 0.597901	tr-rmse: 0.597901
2025-09-11 22:21:10 [DEBUG] XGB stopped. Best iteration: [44] tr-p-rmse:0.03078	tr-a-peak@32:0.99200	tr-rmse:0.59790	tr-rmse:0.59790 
2025-09-11 22:22:13 [DEBUG] XGB validation: p-rmse: 0.107248	a-peak@32: 0.992847
2025-09-11 22:22:13 [DEBUG] XGB iter   0: tr-p-rmse: 0.409192	tr-a-peak@32: 0.962724	tr-rmse: 0.524574	tr-rmse: 0.524574
2025-09-11 22:22:13 [DEBUG] XGB iter  25: tr-p-rmse: 0.035355	tr-a-peak@32: 0.993109	tr-rmse: 0.598264	tr-rmse: 0.598264
2025-09-11 22:22:13 [DEBUG] XGB iter  50: tr-p-rmse: 0.029268	tr-a-peak@32: 0.994311	tr-rmse: 0.598264	tr-rmse: 0.598264
2025-09-11 22:22:13 [DEBUG] XGB iter  75: tr-p-rmse: 0.029268	tr-a-peak@32: 0.994311	tr-rmse: 0.598264	tr-rmse: 0.598264
2025-09-11 22:22:13 [DEBUG] XGB stopped. Best iteration: [40] tr-p-rmse:0.02927	tr-a-peak@32:0.99431	tr-rmse:0.59826	tr-rmse:0.59826 
2025-09-11 22:23:21 [DEBUG] XGB validation: p-rmse: 0.110555	a-peak@32: 0.994883
2025-09-11 22:23:21 [DEBUG] XGB iter   0: tr-p-rmse: 0.403740	tr-a-peak@32: 0.973549	tr-rmse: 0.521676	tr-rmse: 0.521676
2025-09-11 22:23:22 [DEBUG] XGB iter  25: tr-p-rmse: 0.033346	tr-a-peak@32: 0.988789	tr-rmse: 0.596084	tr-rmse: 0.596084
2025-09-11 22:23:22 [DEBUG] XGB iter  50: tr-p-rmse: 0.026866	tr-a-peak@32: 0.987783	tr-rmse: 0.596100	tr-rmse: 0.596100
2025-09-11 22:23:22 [DEBUG] XGB iter  75: tr-p-rmse: 0.026866	tr-a-peak@32: 0.987783	tr-rmse: 0.596100	tr-rmse: 0.596100
2025-09-11 22:23:22 [DEBUG] XGB stopped. Best iteration: [44] tr-p-rmse:0.02687	tr-a-peak@32:0.98778	tr-rmse:0.59610	tr-rmse:0.59610 
2025-09-11 22:24:30 [DEBUG] XGB validation: p-rmse: 0.044486	a-peak@32: 0.946056
2025-09-11 22:24:30 [DEBUG] XGB iter   0: tr-p-rmse: 0.395884	tr-a-peak@32: 1.000000	tr-rmse: 0.505507	tr-rmse: 0.505506
2025-09-11 22:24:30 [DEBUG] XGB iter  25: tr-p-rmse: 0.032730	tr-a-peak@32: 1.000000	tr-rmse: 0.583485	tr-rmse: 0.583485
2025-09-11 22:24:30 [DEBUG] XGB iter  50: tr-p-rmse: 0.029736	tr-a-peak@32: 1.000000	tr-rmse: 0.583494	tr-rmse: 0.583494
2025-09-11 22:24:30 [DEBUG] XGB iter  75: tr-p-rmse: 0.029736	tr-a-peak@32: 1.000000	tr-rmse: 0.583494	tr-rmse: 0.583494
2025-09-11 22:24:30 [DEBUG] XGB stopped. Best iteration: [34] tr-p-rmse:0.02974	tr-a-peak@32:1.00000	tr-rmse:0.58349	tr-rmse:0.58349 
2025-09-11 22:25:44 [DEBUG] XGB validation: p-rmse: 0.267569	a-peak@32: 0.997868
2025-09-11 22:25:44 [DEBUG] XGB iter   0: tr-p-rmse: 0.405144	tr-a-peak@32: 0.969192	tr-rmse: 0.505992	tr-rmse: 0.505992
2025-09-11 22:25:44 [DEBUG] XGB iter  25: tr-p-rmse: 0.032048	tr-a-peak@32: 0.999500	tr-rmse: 0.583412	tr-rmse: 0.583412
2025-09-11 22:25:44 [DEBUG] XGB iter  50: tr-p-rmse: 0.028124	tr-a-peak@32: 0.999411	tr-rmse: 0.583427	tr-rmse: 0.583427
2025-09-11 22:25:44 [DEBUG] XGB iter  75: tr-p-rmse: 0.028124	tr-a-peak@32: 0.999411	tr-rmse: 0.583427	tr-rmse: 0.583427
2025-09-11 22:25:44 [DEBUG] XGB stopped. Best iteration: [40] tr-p-rmse:0.02812	tr-a-peak@32:0.99941	tr-rmse:0.58343	tr-rmse:0.58343 
2025-09-11 22:26:55 [DEBUG] XGB validation: p-rmse: 0.057506	a-peak@32: 0.990132
2025-09-11 22:26:55 [DEBUG] XGB iter   0: tr-p-rmse: 0.393861	tr-a-peak@32: 0.988583	tr-rmse: 0.507517	tr-rmse: 0.507517
2025-09-11 22:26:56 [DEBUG] XGB iter  25: tr-p-rmse: 0.031147	tr-a-peak@32: 0.999297	tr-rmse: 0.585258	tr-rmse: 0.585258
2025-09-11 22:26:56 [DEBUG] XGB iter  50: tr-p-rmse: 0.025982	tr-a-peak@32: 0.998747	tr-rmse: 0.585265	tr-rmse: 0.585265
2025-09-11 22:26:56 [DEBUG] XGB iter  75: tr-p-rmse: 0.025982	tr-a-peak@32: 0.998747	tr-rmse: 0.585265	tr-rmse: 0.585265
2025-09-11 22:26:56 [DEBUG] XGB stopped. Best iteration: [45] tr-p-rmse:0.02598	tr-a-peak@32:0.99875	tr-rmse:0.58527	tr-rmse:0.58527 
2025-09-11 22:28:08 [DEBUG] XGB validation: p-rmse: 0.040734	a-peak@32: 0.992889
2025-09-11 22:28:08 [DEBUG] XGB iter   0: tr-p-rmse: 0.388869	tr-a-peak@32: 0.992338	tr-rmse: 0.512965	tr-rmse: 0.512965
2025-09-11 22:28:08 [DEBUG] XGB iter  25: tr-p-rmse: 0.031017	tr-a-peak@32: 0.999689	tr-rmse: 0.589942	tr-rmse: 0.589942
2025-09-11 22:28:08 [DEBUG] XGB iter  50: tr-p-rmse: 0.025158	tr-a-peak@32: 0.999673	tr-rmse: 0.589943	tr-rmse: 0.589943
2025-09-11 22:28:08 [DEBUG] XGB iter  75: tr-p-rmse: 0.025158	tr-a-peak@32: 0.999673	tr-rmse: 0.589943	tr-rmse: 0.589943
2025-09-11 22:28:08 [DEBUG] XGB stopped. Best iteration: [47] tr-p-rmse:0.02516	tr-a-peak@32:0.99967	tr-rmse:0.58994	tr-rmse:0.58994 
2025-09-11 22:29:12 [DEBUG] XGB validation: p-rmse: 0.024610	a-peak@32: 0.995457
2025-09-11 22:29:12 [DEBUG] XGB iter   0: tr-p-rmse: 0.383604	tr-a-peak@32: 0.962470	tr-rmse: 0.500090	tr-rmse: 0.500090
2025-09-11 22:29:12 [DEBUG] XGB iter  25: tr-p-rmse: 0.028911	tr-a-peak@32: 1.000000	tr-rmse: 0.579378	tr-rmse: 0.579378
2025-09-11 22:29:12 [DEBUG] XGB iter  50: tr-p-rmse: 0.027371	tr-a-peak@32: 1.000000	tr-rmse: 0.579392	tr-rmse: 0.579392
2025-09-11 22:29:12 [DEBUG] XGB iter  75: tr-p-rmse: 0.027371	tr-a-peak@32: 1.000000	tr-rmse: 0.579392	tr-rmse: 0.579392
2025-09-11 22:29:12 [DEBUG] XGB stopped. Best iteration: [32] tr-p-rmse:0.02737	tr-a-peak@32:1.00000	tr-rmse:0.57939	tr-rmse:0.57939 
