2025-09-11 21:18:43 [INFO] Logging directory: ./layer_6/logs
2025-09-11 21:19:45 [DEBUG] XGB iter   0: tr-p-rmse: 0.674920	tr-a-peak@32: 1.000000	tr-rmse: 0.371782	tr-rmse: 0.371782
2025-09-11 21:19:45 [DEBUG] XGB iter  25: tr-p-rmse: 0.036972	tr-a-peak@32: 1.000000	tr-rmse: 0.400905	tr-rmse: 0.400905
2025-09-11 21:19:45 [DEBUG] XGB iter  50: tr-p-rmse: 0.036972	tr-a-peak@32: 1.000000	tr-rmse: 0.400905	tr-rmse: 0.400905
2025-09-11 21:19:45 [DEBUG] XGB stopped. Best iteration: [19] tr-p-rmse:0.03697	tr-a-peak@32:1.00000	tr-rmse:0.40091	tr-rmse:0.40091 
2025-09-11 21:20:45 [DEBUG] XGB validation: p-rmse: 0.159218	a-peak@32: 0.773392
2025-09-11 21:20:45 [DEBUG] XGB iter   0: tr-p-rmse: 0.665927	tr-a-peak@32: 0.971455	tr-rmse: 0.317022	tr-rmse: 0.317022
2025-09-11 21:20:45 [DEBUG] XGB iter  25: tr-p-rmse: 0.038154	tr-a-peak@32: 1.000000	tr-rmse: 0.338460	tr-rmse: 0.338460
2025-09-11 21:20:45 [DEBUG] XGB iter  50: tr-p-rmse: 0.038154	tr-a-peak@32: 1.000000	tr-rmse: 0.338460	tr-rmse: 0.338460
2025-09-11 21:20:45 [DEBUG] XGB stopped. Best iteration: [19] tr-p-rmse:0.03815	tr-a-peak@32:1.00000	tr-rmse:0.33846	tr-rmse:0.33846 
2025-09-11 21:22:29 [DEBUG] XGB validation: p-rmse: 0.832590	a-peak@32: 0.936688
2025-09-11 21:22:29 [DEBUG] XGB iter   0: tr-p-rmse: 0.646340	tr-a-peak@32: 0.908960	tr-rmse: 0.335407	tr-rmse: 0.335407
2025-09-11 21:22:29 [DEBUG] XGB iter  25: tr-p-rmse: 0.045333	tr-a-peak@32: 1.000000	tr-rmse: 0.364618	tr-rmse: 0.364618
2025-09-11 21:22:29 [DEBUG] XGB iter  50: tr-p-rmse: 0.045333	tr-a-peak@32: 1.000000	tr-rmse: 0.364619	tr-rmse: 0.364619
2025-09-11 21:22:29 [DEBUG] XGB iter  75: tr-p-rmse: 0.045333	tr-a-peak@32: 1.000000	tr-rmse: 0.364619	tr-rmse: 0.364619
2025-09-11 21:22:29 [DEBUG] XGB stopped. Best iteration: [25] tr-p-rmse:0.04533	tr-a-peak@32:1.00000	tr-rmse:0.36462	tr-rmse:0.36462 
2025-09-11 21:23:41 [DEBUG] XGB validation: p-rmse: 0.252138	a-peak@32: 0.948288
2025-09-11 21:23:41 [DEBUG] XGB iter   0: tr-p-rmse: 0.594236	tr-a-peak@32: 0.975029	tr-rmse: 0.391559	tr-rmse: 0.391559
2025-09-11 21:23:41 [DEBUG] XGB iter  25: tr-p-rmse: 0.047237	tr-a-peak@32: 1.000000	tr-rmse: 0.458879	tr-rmse: 0.458879
2025-09-11 21:23:41 [DEBUG] XGB iter  50: tr-p-rmse: 0.044922	tr-a-peak@32: 1.000000	tr-rmse: 0.458882	tr-rmse: 0.458882
2025-09-11 21:23:41 [DEBUG] XGB iter  75: tr-p-rmse: 0.044922	tr-a-peak@32: 1.000000	tr-rmse: 0.458882	tr-rmse: 0.458882
2025-09-11 21:23:41 [DEBUG] XGB stopped. Best iteration: [38] tr-p-rmse:0.04492	tr-a-peak@32:1.00000	tr-rmse:0.45888	tr-rmse:0.45888 
2025-09-11 21:25:04 [DEBUG] XGB validation: p-rmse: 0.139690	a-peak@32: 0.954387
2025-09-11 21:25:04 [DEBUG] XGB iter   0: tr-p-rmse: 0.561836	tr-a-peak@32: 0.860308	tr-rmse: 0.391018	tr-rmse: 0.391018
2025-09-11 21:25:04 [DEBUG] XGB iter  25: tr-p-rmse: 0.048824	tr-a-peak@32: 1.000000	tr-rmse: 0.468623	tr-rmse: 0.468623
2025-09-11 21:25:04 [DEBUG] XGB iter  50: tr-p-rmse: 0.047250	tr-a-peak@32: 1.000000	tr-rmse: 0.468670	tr-rmse: 0.468670
2025-09-11 21:25:05 [DEBUG] XGB iter  75: tr-p-rmse: 0.047250	tr-a-peak@32: 1.000000	tr-rmse: 0.468670	tr-rmse: 0.468670
2025-09-11 21:25:05 [DEBUG] XGB stopped. Best iteration: [35] tr-p-rmse:0.04725	tr-a-peak@32:1.00000	tr-rmse:0.46867	tr-rmse:0.46867 
2025-09-11 21:26:17 [DEBUG] XGB validation: p-rmse: 0.165697	a-peak@32: 0.996208
2025-09-11 21:26:17 [DEBUG] XGB iter   0: tr-p-rmse: 0.594896	tr-a-peak@32: 0.822404	tr-rmse: 0.421638	tr-rmse: 0.421638
2025-09-11 21:26:17 [DEBUG] XGB iter  25: tr-p-rmse: 0.048228	tr-a-peak@32: 0.999039	tr-rmse: 0.495355	tr-rmse: 0.495355
2025-09-11 21:26:17 [DEBUG] XGB iter  50: tr-p-rmse: 0.045985	tr-a-peak@32: 0.999118	tr-rmse: 0.495381	tr-rmse: 0.495381
2025-09-11 21:26:17 [DEBUG] XGB iter  75: tr-p-rmse: 0.045985	tr-a-peak@32: 0.999118	tr-rmse: 0.495381	tr-rmse: 0.495381
2025-09-11 21:26:17 [DEBUG] XGB stopped. Best iteration: [40] tr-p-rmse:0.04598	tr-a-peak@32:0.99912	tr-rmse:0.49538	tr-rmse:0.49538 
2025-09-11 21:27:38 [DEBUG] XGB validation: p-rmse: 0.117002	a-peak@32: 0.995902
2025-09-11 21:27:38 [DEBUG] XGB iter   0: tr-p-rmse: 0.568686	tr-a-peak@32: 0.952482	tr-rmse: 0.424688	tr-rmse: 0.424688
2025-09-11 21:27:38 [DEBUG] XGB iter  25: tr-p-rmse: 0.055246	tr-a-peak@32: 0.997975	tr-rmse: 0.502398	tr-rmse: 0.502398
2025-09-11 21:27:38 [DEBUG] XGB iter  50: tr-p-rmse: 0.051878	tr-a-peak@32: 0.996516	tr-rmse: 0.502470	tr-rmse: 0.502470
2025-09-11 21:27:38 [DEBUG] XGB iter  75: tr-p-rmse: 0.051878	tr-a-peak@32: 0.996516	tr-rmse: 0.502470	tr-rmse: 0.502470
2025-09-11 21:27:38 [DEBUG] XGB stopped. Best iteration: [36] tr-p-rmse:0.05188	tr-a-peak@32:0.99652	tr-rmse:0.50247	tr-rmse:0.50247 
2025-09-11 21:28:50 [DEBUG] XGB validation: p-rmse: 0.066074	a-peak@32: 1.000000
2025-09-11 21:28:50 [DEBUG] XGB iter   0: tr-p-rmse: 0.542268	tr-a-peak@32: 0.920178	tr-rmse: 0.435040	tr-rmse: 0.435040
2025-09-11 21:28:50 [DEBUG] XGB iter  25: tr-p-rmse: 0.053072	tr-a-peak@32: 0.995404	tr-rmse: 0.515392	tr-rmse: 0.515392
2025-09-11 21:28:50 [DEBUG] XGB iter  50: tr-p-rmse: 0.051852	tr-a-peak@32: 0.997300	tr-rmse: 0.515427	tr-rmse: 0.515427
2025-09-11 21:28:50 [DEBUG] XGB iter  75: tr-p-rmse: 0.051852	tr-a-peak@32: 0.997300	tr-rmse: 0.515427	tr-rmse: 0.515427
2025-09-11 21:28:50 [DEBUG] XGB stopped. Best iteration: [31] tr-p-rmse:0.05185	tr-a-peak@32:0.99730	tr-rmse:0.51543	tr-rmse:0.51543 
2025-09-11 21:30:02 [DEBUG] XGB validation: p-rmse: 0.040023	a-peak@32: 0.995902
2025-09-11 21:30:02 [DEBUG] XGB iter   0: tr-p-rmse: 0.517611	tr-a-peak@32: 0.981846	tr-rmse: 0.441053	tr-rmse: 0.441053
2025-09-11 21:30:02 [DEBUG] XGB iter  25: tr-p-rmse: 0.055297	tr-a-peak@32: 0.995404	tr-rmse: 0.522884	tr-rmse: 0.522884
2025-09-11 21:30:02 [DEBUG] XGB iter  50: tr-p-rmse: 0.055297	tr-a-peak@32: 0.995404	tr-rmse: 0.522886	tr-rmse: 0.522886
2025-09-11 21:30:02 [DEBUG] XGB iter  75: tr-p-rmse: 0.055297	tr-a-peak@32: 0.995404	tr-rmse: 0.522886	tr-rmse: 0.522886
2025-09-11 21:30:02 [DEBUG] XGB stopped. Best iteration: [25] tr-p-rmse:0.05530	tr-a-peak@32:0.99540	tr-rmse:0.52288	tr-rmse:0.52288 
2025-09-11 21:31:15 [DEBUG] XGB validation: p-rmse: 0.028581	a-peak@32: 0.983763
2025-09-11 21:31:15 [DEBUG] XGB iter   0: tr-p-rmse: 0.489418	tr-a-peak@32: 0.868012	tr-rmse: 0.444830	tr-rmse: 0.444830
2025-09-11 21:31:15 [DEBUG] XGB iter  25: tr-p-rmse: 0.051098	tr-a-peak@32: 1.000000	tr-rmse: 0.528319	tr-rmse: 0.528319
2025-09-11 21:31:15 [DEBUG] XGB iter  50: tr-p-rmse: 0.051087	tr-a-peak@32: 1.000000	tr-rmse: 0.528347	tr-rmse: 0.528347
2025-09-11 21:31:15 [DEBUG] XGB iter  75: tr-p-rmse: 0.051087	tr-a-peak@32: 1.000000	tr-rmse: 0.528347	tr-rmse: 0.528347
2025-09-11 21:31:15 [DEBUG] XGB stopped. Best iteration: [29] tr-p-rmse:0.05109	tr-a-peak@32:1.00000	tr-rmse:0.52835	tr-rmse:0.52835 
2025-09-11 21:32:27 [DEBUG] XGB validation: p-rmse: 0.039224	a-peak@32: 0.855908
2025-09-11 21:32:27 [DEBUG] XGB iter   0: tr-p-rmse: 0.487090	tr-a-peak@32: 0.940086	tr-rmse: 0.447258	tr-rmse: 0.447258
2025-09-11 21:32:27 [DEBUG] XGB iter  25: tr-p-rmse: 0.050772	tr-a-peak@32: 0.997548	tr-rmse: 0.530449	tr-rmse: 0.530449
2025-09-11 21:32:27 [DEBUG] XGB iter  50: tr-p-rmse: 0.050213	tr-a-peak@32: 0.997548	tr-rmse: 0.530459	tr-rmse: 0.530459
2025-09-11 21:32:27 [DEBUG] XGB iter  75: tr-p-rmse: 0.050213	tr-a-peak@32: 0.997548	tr-rmse: 0.530459	tr-rmse: 0.530459
2025-09-11 21:32:27 [DEBUG] XGB stopped. Best iteration: [31] tr-p-rmse:0.05021	tr-a-peak@32:0.99755	tr-rmse:0.53046	tr-rmse:0.53046 
2025-09-11 21:33:39 [DEBUG] XGB validation: p-rmse: 0.032112	a-peak@32: 0.993244
2025-09-11 21:33:39 [DEBUG] XGB iter   0: tr-p-rmse: 0.466879	tr-a-peak@32: 0.853200	tr-rmse: 0.449685	tr-rmse: 0.449685
2025-09-11 21:33:39 [DEBUG] XGB iter  25: tr-p-rmse: 0.048433	tr-a-peak@32: 0.998491	tr-rmse: 0.534039	tr-rmse: 0.534039
2025-09-11 21:33:39 [DEBUG] XGB iter  50: tr-p-rmse: 0.046486	tr-a-peak@32: 1.000000	tr-rmse: 0.534045	tr-rmse: 0.534045
2025-09-11 21:33:40 [DEBUG] XGB iter  75: tr-p-rmse: 0.046486	tr-a-peak@32: 1.000000	tr-rmse: 0.534045	tr-rmse: 0.534045
2025-09-11 21:33:40 [DEBUG] XGB stopped. Best iteration: [35] tr-p-rmse:0.04649	tr-a-peak@32:1.00000	tr-rmse:0.53404	tr-rmse:0.53404 
2025-09-11 21:34:52 [DEBUG] XGB validation: p-rmse: 0.109617	a-peak@32: 0.999599
2025-09-11 21:34:52 [DEBUG] XGB iter   0: tr-p-rmse: 0.451507	tr-a-peak@32: 0.964585	tr-rmse: 0.451998	tr-rmse: 0.451998
2025-09-11 21:34:52 [DEBUG] XGB iter  25: tr-p-rmse: 0.047455	tr-a-peak@32: 0.998485	tr-rmse: 0.536530	tr-rmse: 0.536530
2025-09-11 21:34:52 [DEBUG] XGB iter  50: tr-p-rmse: 0.044767	tr-a-peak@32: 0.998491	tr-rmse: 0.536523	tr-rmse: 0.536523
2025-09-11 21:34:52 [DEBUG] XGB iter  75: tr-p-rmse: 0.044767	tr-a-peak@32: 0.998491	tr-rmse: 0.536523	tr-rmse: 0.536523
2025-09-11 21:34:52 [DEBUG] XGB stopped. Best iteration: [36] tr-p-rmse:0.04477	tr-a-peak@32:0.99849	tr-rmse:0.53652	tr-rmse:0.53652 
2025-09-11 21:36:07 [DEBUG] XGB validation: p-rmse: 0.051172	a-peak@32: 0.986589
2025-09-11 21:36:07 [DEBUG] XGB iter   0: tr-p-rmse: 0.442543	tr-a-peak@32: 0.936527	tr-rmse: 0.455031	tr-rmse: 0.455031
2025-09-11 21:36:07 [DEBUG] XGB iter  25: tr-p-rmse: 0.045324	tr-a-peak@32: 0.994600	tr-rmse: 0.539590	tr-rmse: 0.539590
2025-09-11 21:36:07 [DEBUG] XGB iter  50: tr-p-rmse: 0.044558	tr-a-peak@32: 0.994600	tr-rmse: 0.539613	tr-rmse: 0.539613
2025-09-11 21:36:07 [DEBUG] XGB iter  75: tr-p-rmse: 0.044558	tr-a-peak@32: 0.994600	tr-rmse: 0.539613	tr-rmse: 0.539613
2025-09-11 21:36:07 [DEBUG] XGB stopped. Best iteration: [31] tr-p-rmse:0.04456	tr-a-peak@32:0.99460	tr-rmse:0.53961	tr-rmse:0.53961 
2025-09-11 21:37:20 [DEBUG] XGB validation: p-rmse: 0.027553	a-peak@32: 0.992228
2025-09-11 21:37:20 [DEBUG] XGB iter   0: tr-p-rmse: 0.435117	tr-a-peak@32: 0.951432	tr-rmse: 0.456487	tr-rmse: 0.456487
2025-09-11 21:37:20 [DEBUG] XGB iter  25: tr-p-rmse: 0.044832	tr-a-peak@32: 0.996981	tr-rmse: 0.541271	tr-rmse: 0.541271
2025-09-11 21:37:20 [DEBUG] XGB iter  50: tr-p-rmse: 0.043497	tr-a-peak@32: 1.000000	tr-rmse: 0.541290	tr-rmse: 0.541290
2025-09-11 21:37:20 [DEBUG] XGB iter  75: tr-p-rmse: 0.043497	tr-a-peak@32: 1.000000	tr-rmse: 0.541290	tr-rmse: 0.541290
2025-09-11 21:37:20 [DEBUG] XGB stopped. Best iteration: [31] tr-p-rmse:0.04350	tr-a-peak@32:1.00000	tr-rmse:0.54129	tr-rmse:0.54129 
2025-09-11 21:38:23 [DEBUG] XGB validation: p-rmse: 0.024113	a-peak@32: 0.997704
2025-09-11 21:38:23 [DEBUG] XGB iter   0: tr-p-rmse: 0.430602	tr-a-peak@32: 0.948254	tr-rmse: 0.456816	tr-rmse: 0.456816
2025-09-11 21:38:23 [DEBUG] XGB iter  25: tr-p-rmse: 0.044219	tr-a-peak@32: 0.994729	tr-rmse: 0.541771	tr-rmse: 0.541771
2025-09-11 21:38:23 [DEBUG] XGB iter  50: tr-p-rmse: 0.044217	tr-a-peak@32: 0.994729	tr-rmse: 0.541777	tr-rmse: 0.541777
2025-09-11 21:38:23 [DEBUG] XGB iter  75: tr-p-rmse: 0.044217	tr-a-peak@32: 0.994729	tr-rmse: 0.541777	tr-rmse: 0.541777
2025-09-11 21:38:23 [DEBUG] XGB stopped. Best iteration: [27] tr-p-rmse:0.04422	tr-a-peak@32:0.99473	tr-rmse:0.54178	tr-rmse:0.54178 
