2025-09-11 22:29:13 [INFO] Logging directory: ./layer_10/logs
2025-09-11 22:29:57 [DEBUG] XGB iter   0: tr-p-rmse: 0.530133	tr-a-peak@32: 1.000000	tr-rmse: 0.358296	tr-rmse: 0.358296
2025-09-11 22:29:57 [DEBUG] XGB iter  25: tr-p-rmse: 0.038386	tr-a-peak@32: 1.000000	tr-rmse: 0.436787	tr-rmse: 0.436787
2025-09-11 22:29:57 [DEBUG] XGB iter  50: tr-p-rmse: 0.038386	tr-a-peak@32: 1.000000	tr-rmse: 0.436787	tr-rmse: 0.436787
2025-09-11 22:29:58 [DEBUG] XGB stopped. Best iteration: [17] tr-p-rmse:0.03839	tr-a-peak@32:1.00000	tr-rmse:0.43679	tr-rmse:0.43679 
2025-09-11 22:30:42 [DEBUG] XGB validation: p-rmse: 0.174657	a-peak@32: 0.980010
2025-09-11 22:30:42 [DEBUG] XGB iter   0: tr-p-rmse: 0.517402	tr-a-peak@32: 0.938163	tr-rmse: 0.341446	tr-rmse: 0.341446
2025-09-11 22:30:42 [DEBUG] XGB iter  25: tr-p-rmse: 0.030784	tr-a-peak@32: 1.000000	tr-rmse: 0.426739	tr-rmse: 0.426739
2025-09-11 22:30:42 [DEBUG] XGB iter  50: tr-p-rmse: 0.030784	tr-a-peak@32: 1.000000	tr-rmse: 0.426739	tr-rmse: 0.426739
2025-09-11 22:30:42 [DEBUG] XGB stopped. Best iteration: [19] tr-p-rmse:0.03078	tr-a-peak@32:1.00000	tr-rmse:0.42674	tr-rmse:0.42674 
2025-09-11 22:31:30 [DEBUG] XGB validation: p-rmse: 0.140622	a-peak@32: 0.855829
2025-09-11 22:31:30 [DEBUG] XGB iter   0: tr-p-rmse: 0.503016	tr-a-peak@32: 0.951264	tr-rmse: 0.326806	tr-rmse: 0.326806
2025-09-11 22:31:30 [DEBUG] XGB iter  25: tr-p-rmse: 0.030147	tr-a-peak@32: 1.000000	tr-rmse: 0.417177	tr-rmse: 0.417177
2025-09-11 22:31:30 [DEBUG] XGB iter  50: tr-p-rmse: 0.030147	tr-a-peak@32: 1.000000	tr-rmse: 0.417177	tr-rmse: 0.417177
2025-09-11 22:31:30 [DEBUG] XGB stopped. Best iteration: [21] tr-p-rmse:0.03015	tr-a-peak@32:1.00000	tr-rmse:0.41718	tr-rmse:0.41718 
2025-09-11 22:32:19 [DEBUG] XGB validation: p-rmse: 0.090417	a-peak@32: 0.995610
2025-09-11 22:32:19 [DEBUG] XGB iter   0: tr-p-rmse: 0.463073	tr-a-peak@32: 0.943036	tr-rmse: 0.396337	tr-rmse: 0.396337
2025-09-11 22:32:19 [DEBUG] XGB iter  25: tr-p-rmse: 0.026937	tr-a-peak@32: 1.000000	tr-rmse: 0.480103	tr-rmse: 0.480103
2025-09-11 22:32:19 [DEBUG] XGB iter  50: tr-p-rmse: 0.026937	tr-a-peak@32: 1.000000	tr-rmse: 0.480103	tr-rmse: 0.480103
2025-09-11 22:32:19 [DEBUG] XGB stopped. Best iteration: [20] tr-p-rmse:0.02694	tr-a-peak@32:1.00000	tr-rmse:0.48010	tr-rmse:0.48010 
2025-09-11 22:33:08 [DEBUG] XGB validation: p-rmse: 0.051850	a-peak@32: 0.998537
2025-09-11 22:33:08 [DEBUG] XGB iter   0: tr-p-rmse: 0.439220	tr-a-peak@32: 0.996915	tr-rmse: 0.431927	tr-rmse: 0.431927
2025-09-11 22:33:08 [DEBUG] XGB iter  25: tr-p-rmse: 0.026021	tr-a-peak@32: 0.999941	tr-rmse: 0.513604	tr-rmse: 0.513604
2025-09-11 22:33:08 [DEBUG] XGB iter  50: tr-p-rmse: 0.026020	tr-a-peak@32: 0.999941	tr-rmse: 0.513605	tr-rmse: 0.513605
2025-09-11 22:33:08 [DEBUG] XGB iter  75: tr-p-rmse: 0.026020	tr-a-peak@32: 0.999941	tr-rmse: 0.513606	tr-rmse: 0.513606
2025-09-11 22:33:08 [DEBUG] XGB stopped. Best iteration: [27] tr-p-rmse:0.02602	tr-a-peak@32:0.99994	tr-rmse:0.51360	tr-rmse:0.51360 
2025-09-11 22:33:56 [DEBUG] XGB validation: p-rmse: 0.033750	a-peak@32: 0.989672
2025-09-11 22:33:56 [DEBUG] XGB iter   0: tr-p-rmse: 0.415115	tr-a-peak@32: 0.954310	tr-rmse: 0.457853	tr-rmse: 0.457853
2025-09-11 22:33:56 [DEBUG] XGB iter  25: tr-p-rmse: 0.028148	tr-a-peak@32: 0.999999	tr-rmse: 0.537502	tr-rmse: 0.537502
2025-09-11 22:33:56 [DEBUG] XGB iter  50: tr-p-rmse: 0.028148	tr-a-peak@32: 0.999999	tr-rmse: 0.537502	tr-rmse: 0.537502
2025-09-11 22:33:56 [DEBUG] XGB stopped. Best iteration: [20] tr-p-rmse:0.02815	tr-a-peak@32:1.00000	tr-rmse:0.53750	tr-rmse:0.53750 
2025-09-11 22:34:45 [DEBUG] XGB validation: p-rmse: 0.045712	a-peak@32: 0.992802
2025-09-11 22:34:45 [DEBUG] XGB iter   0: tr-p-rmse: 0.396606	tr-a-peak@32: 0.956062	tr-rmse: 0.475994	tr-rmse: 0.475994
2025-09-11 22:34:45 [DEBUG] XGB iter  25: tr-p-rmse: 0.028157	tr-a-peak@32: 0.999568	tr-rmse: 0.554256	tr-rmse: 0.554256
2025-09-11 22:34:45 [DEBUG] XGB iter  50: tr-p-rmse: 0.028157	tr-a-peak@32: 0.999568	tr-rmse: 0.554257	tr-rmse: 0.554257
2025-09-11 22:34:45 [DEBUG] XGB stopped. Best iteration: [24] tr-p-rmse:0.02816	tr-a-peak@32:0.99957	tr-rmse:0.55426	tr-rmse:0.55426 
2025-09-11 22:35:35 [DEBUG] XGB validation: p-rmse: 0.037739	a-peak@32: 0.997440
2025-09-11 22:35:35 [DEBUG] XGB iter   0: tr-p-rmse: 0.382418	tr-a-peak@32: 0.986327	tr-rmse: 0.490297	tr-rmse: 0.490297
2025-09-11 22:35:35 [DEBUG] XGB iter  25: tr-p-rmse: 0.027105	tr-a-peak@32: 0.999193	tr-rmse: 0.567243	tr-rmse: 0.567243
2025-09-11 22:35:35 [DEBUG] XGB iter  50: tr-p-rmse: 0.027105	tr-a-peak@32: 0.999193	tr-rmse: 0.567243	tr-rmse: 0.567243
2025-09-11 22:35:35 [DEBUG] XGB stopped. Best iteration: [19] tr-p-rmse:0.02711	tr-a-peak@32:0.99919	tr-rmse:0.56724	tr-rmse:0.56724 
2025-09-11 22:36:22 [DEBUG] XGB validation: p-rmse: 0.035460	a-peak@32: 0.995112
2025-09-11 22:36:22 [DEBUG] XGB iter   0: tr-p-rmse: 0.371021	tr-a-peak@32: 0.992854	tr-rmse: 0.500225	tr-rmse: 0.500225
2025-09-11 22:36:22 [DEBUG] XGB iter  25: tr-p-rmse: 0.025643	tr-a-peak@32: 0.999069	tr-rmse: 0.576604	tr-rmse: 0.576604
2025-09-11 22:36:22 [DEBUG] XGB iter  50: tr-p-rmse: 0.025643	tr-a-peak@32: 0.999069	tr-rmse: 0.576604	tr-rmse: 0.576604
2025-09-11 22:36:22 [DEBUG] XGB stopped. Best iteration: [19] tr-p-rmse:0.02564	tr-a-peak@32:0.99907	tr-rmse:0.57660	tr-rmse:0.57660 
2025-09-11 22:37:12 [DEBUG] XGB validation: p-rmse: 0.023474	a-peak@32: 0.998675
2025-09-11 22:37:12 [DEBUG] XGB iter   0: tr-p-rmse: 0.360000	tr-a-peak@32: 0.993989	tr-rmse: 0.509182	tr-rmse: 0.509182
2025-09-11 22:37:12 [DEBUG] XGB iter  25: tr-p-rmse: 0.023329	tr-a-peak@32: 0.999121	tr-rmse: 0.584722	tr-rmse: 0.584722
2025-09-11 22:37:13 [DEBUG] XGB iter  50: tr-p-rmse: 0.023329	tr-a-peak@32: 0.999121	tr-rmse: 0.584722	tr-rmse: 0.584722
2025-09-11 22:37:13 [DEBUG] XGB stopped. Best iteration: [22] tr-p-rmse:0.02333	tr-a-peak@32:0.99912	tr-rmse:0.58472	tr-rmse:0.58472 
2025-09-11 22:38:01 [DEBUG] XGB validation: p-rmse: 0.029521	a-peak@32: 0.998704
2025-09-11 22:38:01 [DEBUG] XGB iter   0: tr-p-rmse: 0.351658	tr-a-peak@32: 0.985987	tr-rmse: 0.514457	tr-rmse: 0.514457
2025-09-11 22:38:01 [DEBUG] XGB iter  25: tr-p-rmse: 0.025213	tr-a-peak@32: 0.998698	tr-rmse: 0.589709	tr-rmse: 0.589709
2025-09-11 22:38:01 [DEBUG] XGB iter  50: tr-p-rmse: 0.025213	tr-a-peak@32: 0.998698	tr-rmse: 0.589709	tr-rmse: 0.589709
2025-09-11 22:38:01 [DEBUG] XGB stopped. Best iteration: [21] tr-p-rmse:0.02521	tr-a-peak@32:0.99870	tr-rmse:0.58971	tr-rmse:0.58971 
2025-09-11 22:38:50 [DEBUG] XGB validation: p-rmse: 0.038707	a-peak@32: 0.987122
2025-09-11 22:38:50 [DEBUG] XGB iter   0: tr-p-rmse: 0.347756	tr-a-peak@32: 0.978305	tr-rmse: 0.505717	tr-rmse: 0.505717
2025-09-11 22:38:50 [DEBUG] XGB iter  25: tr-p-rmse: 0.023975	tr-a-peak@32: 0.991760	tr-rmse: 0.582869	tr-rmse: 0.582869
2025-09-11 22:38:50 [DEBUG] XGB iter  50: tr-p-rmse: 0.023974	tr-a-peak@32: 0.991760	tr-rmse: 0.582869	tr-rmse: 0.582869
2025-09-11 22:38:50 [DEBUG] XGB iter  75: tr-p-rmse: 0.023974	tr-a-peak@32: 0.991760	tr-rmse: 0.582869	tr-rmse: 0.582869
2025-09-11 22:38:50 [DEBUG] XGB stopped. Best iteration: [26] tr-p-rmse:0.02397	tr-a-peak@32:0.99176	tr-rmse:0.58287	tr-rmse:0.58287 
2025-09-11 22:39:39 [DEBUG] XGB validation: p-rmse: 0.034152	a-peak@32: 0.997996
2025-09-11 22:39:39 [DEBUG] XGB iter   0: tr-p-rmse: 0.340892	tr-a-peak@32: 0.972419	tr-rmse: 0.508654	tr-rmse: 0.508654
2025-09-11 22:39:39 [DEBUG] XGB iter  25: tr-p-rmse: 0.026196	tr-a-peak@32: 0.985167	tr-rmse: 0.585714	tr-rmse: 0.585714
2025-09-11 22:39:39 [DEBUG] XGB iter  50: tr-p-rmse: 0.026196	tr-a-peak@32: 0.985167	tr-rmse: 0.585714	tr-rmse: 0.585714
2025-09-11 22:39:40 [DEBUG] XGB stopped. Best iteration: [18] tr-p-rmse:0.02620	tr-a-peak@32:0.98517	tr-rmse:0.58571	tr-rmse:0.58571 
2025-09-11 22:40:28 [DEBUG] XGB validation: p-rmse: 0.046668	a-peak@32: 0.995892
2025-09-11 22:40:28 [DEBUG] XGB iter   0: tr-p-rmse: 0.335953	tr-a-peak@32: 0.976936	tr-rmse: 0.511031	tr-rmse: 0.511031
2025-09-11 22:40:28 [DEBUG] XGB iter  25: tr-p-rmse: 0.024507	tr-a-peak@32: 0.980182	tr-rmse: 0.588001	tr-rmse: 0.588001
2025-09-11 22:40:28 [DEBUG] XGB iter  50: tr-p-rmse: 0.024507	tr-a-peak@32: 0.980182	tr-rmse: 0.588001	tr-rmse: 0.588001
2025-09-11 22:40:28 [DEBUG] XGB stopped. Best iteration: [19] tr-p-rmse:0.02451	tr-a-peak@32:0.98018	tr-rmse:0.58800	tr-rmse:0.58800 
2025-09-11 22:41:16 [DEBUG] XGB validation: p-rmse: 0.057016	a-peak@32: 0.984431
2025-09-11 22:41:16 [DEBUG] XGB iter   0: tr-p-rmse: 0.331470	tr-a-peak@32: 0.977576	tr-rmse: 0.510931	tr-rmse: 0.510931
2025-09-11 22:41:16 [DEBUG] XGB iter  25: tr-p-rmse: 0.022837	tr-a-peak@32: 0.980347	tr-rmse: 0.588356	tr-rmse: 0.588356
2025-09-11 22:41:16 [DEBUG] XGB iter  50: tr-p-rmse: 0.022272	tr-a-peak@32: 0.980324	tr-rmse: 0.588361	tr-rmse: 0.588361
2025-09-11 22:41:16 [DEBUG] XGB iter  75: tr-p-rmse: 0.022272	tr-a-peak@32: 0.980324	tr-rmse: 0.588361	tr-rmse: 0.588361
2025-09-11 22:41:16 [DEBUG] XGB stopped. Best iteration: [27] tr-p-rmse:0.02227	tr-a-peak@32:0.98032	tr-rmse:0.58836	tr-rmse:0.58836 
2025-09-11 22:41:58 [DEBUG] XGB validation: p-rmse: 0.053913	a-peak@32: 0.996200
2025-09-11 22:41:58 [DEBUG] XGB iter   0: tr-p-rmse: 0.329332	tr-a-peak@32: 0.976006	tr-rmse: 0.512167	tr-rmse: 0.512167
2025-09-11 22:41:58 [DEBUG] XGB iter  25: tr-p-rmse: 0.023631	tr-a-peak@32: 0.980847	tr-rmse: 0.589514	tr-rmse: 0.589514
2025-09-11 22:41:59 [DEBUG] XGB iter  50: tr-p-rmse: 0.023631	tr-a-peak@32: 0.980847	tr-rmse: 0.589514	tr-rmse: 0.589514
2025-09-11 22:41:59 [DEBUG] XGB stopped. Best iteration: [22] tr-p-rmse:0.02363	tr-a-peak@32:0.98085	tr-rmse:0.58951	tr-rmse:0.58951 
